<?xml version="1.0" encoding="UTF-8"?>
<testsuite xmlns:xsi="http://www.w3.org/2001/XMLSchema-instance" xsi:noNamespaceSchemaLocation="https://maven.apache.org/surefire/maven-surefire-plugin/xsd/surefire-test-report.xsd" name="BSTTest" time="0.018" tests="11" errors="0" skipped="0" failures="0">
  <properties>
[...]
</properties>
  <testcase name="testDataHandling" classname="BSTTest" time="0.01"/>
  <testcase name="testAddNull" classname="BSTTest" time="0"/>
  <testcase name="testBasicStructure" classname="BSTTest" time="0.001"/>
  <testcase name="testAddAndSize" classname="BSTTest" time="0"/>
  <testcase name="testRemoveLeaf" classname="BSTTest" time="0.001"/>
  <testcase name="testRemoveNull" classname="BSTTest" time="0"/>
  <testcase name="testRemoveRoot" classname="BSTTest" time="0"/>
  <testcase name="testAddManyNodes" classname="BSTTest" time="0.001"/>
  <testcase name="testRemoveWithOneChild" classname="BSTTest" time="0"/>
  <testcase name="testRemoveFromEmpty" classname="BSTTest" time="0.001"/>
  <testcase name="testRemoveWithTwoChildren" classname="BSTTest" time="0"/>
</testsuite>